app/build/intermediates/manifest_merge_blame_file/debug/manifest-merger-blame-debug-report.txt
1<?xml version="1.0" encoding="utf-8"?>
2<manifest xmlns:android="http://schemas.android.com/apk/res/android"
3    package="com.example.myapp"
4    android:versionCode="1"
5    android:versionName="1.0" >
6
7    <uses-sdk
8        android:minSdkVersion="26"
8-->src\main\AndroidManifest.xml
9        android:targetSdkVersion="32" />
9-->src\main\AndroidManifest.xml
10
11    <uses-permission android:name="android.permission.WRITE_EXTERNAL_STORAGE" />
11-->src\main\AndroidManifest.xml:5:5-81
11-->src\main\AndroidManifest.xml:5:22-78
12    <uses-permission android:name="android.permission.READ_EXTERNAL_STORAGE" />
12-->src\main\AndroidManifest.xml:6:5-80
12-->src\main\AndroidManifest.xml:6:22-77
13    <uses-permission android:name="android.permission.INTERNET" />
13-->[com.google.firebase:firebase-perf:20.0.6] AndroidManifest.xml:11:5-67
13-->[com.google.firebase:firebase-perf:20.0.6] AndroidManifest.xml:11:22-64
14    <uses-permission android:name="android.permission.ACCESS_NETWORK_STATE" />
14-->[com.google.firebase:firebase-auth:21.0.3] AndroidManifest.xml:24:5-79
14-->[com.google.firebase:firebase-auth:21.0.3] AndroidManifest.xml:24:22-76
15    <uses-permission android:name="android.permission.WAKE_LOCK" />
15-->[com.google.android.gms:play-services-measurement-api:20.1.2] AndroidManifest.xml:24:5-68
15-->[com.google.android.gms:play-services-measurement-api:20.1.2] AndroidManifest.xml:24:22-65
16    <uses-permission android:name="com.google.android.gms.permission.AD_ID" />
16-->[com.google.android.gms:play-services-measurement-api:20.1.2] AndroidManifest.xml:25:5-79
16-->[com.google.android.gms:play-services-measurement-api:20.1.2] AndroidManifest.xml:25:22-76
17    <uses-permission android:name="com.google.android.finsky.permission.BIND_GET_INSTALL_REFERRER_SERVICE" />
17-->[com.google.android.gms:play-services-measurement:20.1.2] AndroidManifest.xml:26:5-110
17-->[com.google.android.gms:play-services-measurement:20.1.2] AndroidManifest.xml:26:22-107
18
19    <application
19-->src\main\AndroidManifest.xml:8:5-33:19
20        android:allowBackup="true"
20-->src\main\AndroidManifest.xml:9:9-35
21        android:appComponentFactory="androidx.core.app.CoreComponentFactory"
21-->[androidx.core:core:1.7.0] AndroidManifest.xml:24:18-86
22        android:debuggable="true"
23        android:extractNativeLibs="false"
24        android:icon="@mipmap/ic_launcher"
24-->src\main\AndroidManifest.xml:10:9-43
25        android:label="@string/app_name"
25-->src\main\AndroidManifest.xml:11:9-41
26        android:roundIcon="@mipmap/ic_launcher_round"
26-->src\main\AndroidManifest.xml:12:9-54
27        android:supportsRtl="true"
27-->src\main\AndroidManifest.xml:13:9-35
28        android:testOnly="true"
29        android:theme="@style/Theme.MyApp" >
29-->src\main\AndroidManifest.xml:14:9-43
30        <activity
30-->src\main\AndroidManifest.xml:15:9-17:40
31            android:name="com.example.myapp.ProfileActivity"
31-->src\main\AndroidManifest.xml:16:13-44
32            android:exported="false" />
32-->src\main\AndroidManifest.xml:17:13-37
33        <activity
33-->src\main\AndroidManifest.xml:18:9-26:20
34            android:name="com.example.myapp.LoginActivity"
34-->src\main\AndroidManifest.xml:19:13-42
35            android:exported="true" >
35-->src\main\AndroidManifest.xml:20:13-36
36            <intent-filter>
36-->src\main\AndroidManifest.xml:21:13-25:29
37                <action android:name="android.intent.action.MAIN" />
37-->src\main\AndroidManifest.xml:22:17-69
37-->src\main\AndroidManifest.xml:22:25-66
38
39                <category android:name="android.intent.category.LAUNCHER" />
39-->src\main\AndroidManifest.xml:24:17-77
39-->src\main\AndroidManifest.xml:24:27-74
40            </intent-filter>
41        </activity>
42        <activity
42-->src\main\AndroidManifest.xml:27:9-29:40
43            android:name="com.example.myapp.RegisterActivity"
43-->src\main\AndroidManifest.xml:28:13-45
44            android:exported="false" />
44-->src\main\AndroidManifest.xml:29:13-37
45        <activity
45-->src\main\AndroidManifest.xml:30:9-32:39
46            android:name="com.example.myapp.MainActivity"
46-->src\main\AndroidManifest.xml:31:13-41
47            android:exported="true" />
47-->src\main\AndroidManifest.xml:32:13-36
48
49        <provider
49-->[com.google.firebase:firebase-perf:20.0.6] AndroidManifest.xml:14:9-18:39
50            android:name="com.google.firebase.perf.provider.FirebasePerfProvider"
50-->[com.google.firebase:firebase-perf:20.0.6] AndroidManifest.xml:15:13-82
51            android:authorities="com.example.myapp.firebaseperfprovider"
51-->[com.google.firebase:firebase-perf:20.0.6] AndroidManifest.xml:16:13-72
52            android:exported="false"
52-->[com.google.firebase:firebase-perf:20.0.6] AndroidManifest.xml:17:13-37
53            android:initOrder="101" />
53-->[com.google.firebase:firebase-perf:20.0.6] AndroidManifest.xml:18:13-36
54
55        <service
55-->[com.google.firebase:firebase-perf:20.0.6] AndroidManifest.xml:20:9-26:19
56            android:name="com.google.firebase.components.ComponentDiscoveryService"
56-->[com.google.firebase:firebase-perf:20.0.6] AndroidManifest.xml:21:13-84
57            android:directBootAware="true"
57-->[com.google.firebase:firebase-common:20.1.0] AndroidManifest.xml:35:13-43
58            android:exported="false" >
58-->[com.google.firebase:firebase-perf:20.0.6] AndroidManifest.xml:22:13-37
59            <meta-data
59-->[com.google.firebase:firebase-perf:20.0.6] AndroidManifest.xml:23:13-25:85
60                android:name="com.google.firebase.components:com.google.firebase.perf.FirebasePerfRegistrar"
60-->[com.google.firebase:firebase-perf:20.0.6] AndroidManifest.xml:24:17-109
61                android:value="com.google.firebase.components.ComponentRegistrar" />
61-->[com.google.firebase:firebase-perf:20.0.6] AndroidManifest.xml:25:17-82
62            <meta-data
62-->[com.google.firebase:firebase-auth:21.0.3] AndroidManifest.xml:67:13-69:85
63                android:name="com.google.firebase.components:com.google.firebase.auth.FirebaseAuthRegistrar"
63-->[com.google.firebase:firebase-auth:21.0.3] AndroidManifest.xml:68:17-109
64                android:value="com.google.firebase.components.ComponentRegistrar" />
64-->[com.google.firebase:firebase-auth:21.0.3] AndroidManifest.xml:69:17-82
65            <meta-data
65-->[com.google.firebase:firebase-database:20.0.4] AndroidManifest.xml:32:13-34:85
66                android:name="com.google.firebase.components:com.google.firebase.database.DatabaseRegistrar"
66-->[com.google.firebase:firebase-database:20.0.4] AndroidManifest.xml:33:17-109
67                android:value="com.google.firebase.components.ComponentRegistrar" />
67-->[com.google.firebase:firebase-database:20.0.4] AndroidManifest.xml:34:17-82
68            <meta-data
68-->[com.google.firebase:firebase-storage:19.2.1] AndroidManifest.xml:33:13-35:85
69                android:name="com.google.firebase.components:com.google.firebase.storage.StorageRegistrar"
69-->[com.google.firebase:firebase-storage:19.2.1] AndroidManifest.xml:34:17-107
70                android:value="com.google.firebase.components.ComponentRegistrar" />
70-->[com.google.firebase:firebase-storage:19.2.1] AndroidManifest.xml:35:17-82
71            <meta-data
71-->[com.google.firebase:firebase-firestore:24.1.0] AndroidManifest.xml:20:13-22:85
72                android:name="com.google.firebase.components:com.google.firebase.firestore.FirestoreRegistrar"
72-->[com.google.firebase:firebase-firestore:24.1.0] AndroidManifest.xml:21:17-111
73                android:value="com.google.firebase.components.ComponentRegistrar" />
73-->[com.google.firebase:firebase-firestore:24.1.0] AndroidManifest.xml:22:17-82
74            <meta-data
74-->[com.google.firebase:firebase-datatransport:18.1.1] AndroidManifest.xml:28:13-30:85
75                android:name="com.google.firebase.components:com.google.firebase.datatransport.TransportRegistrar"
75-->[com.google.firebase:firebase-datatransport:18.1.1] AndroidManifest.xml:29:17-115
76                android:value="com.google.firebase.components.ComponentRegistrar" />
76-->[com.google.firebase:firebase-datatransport:18.1.1] AndroidManifest.xml:30:17-82
77            <meta-data
77-->[com.google.firebase:firebase-config:21.0.2] AndroidManifest.xml:32:13-34:85
78                android:name="com.google.firebase.components:com.google.firebase.remoteconfig.RemoteConfigRegistrar"
78-->[com.google.firebase:firebase-config:21.0.2] AndroidManifest.xml:33:17-117
79                android:value="com.google.firebase.components.ComponentRegistrar" />
79-->[com.google.firebase:firebase-config:21.0.2] AndroidManifest.xml:34:17-82
80            <meta-data
80-->[com.google.android.gms:play-services-measurement-api:20.1.2] AndroidManifest.xml:31:13-33:85
81                android:name="com.google.firebase.components:com.google.firebase.analytics.connector.internal.AnalyticsConnectorRegistrar"
81-->[com.google.android.gms:play-services-measurement-api:20.1.2] AndroidManifest.xml:32:17-139
82                android:value="com.google.firebase.components.ComponentRegistrar" />
82-->[com.google.android.gms:play-services-measurement-api:20.1.2] AndroidManifest.xml:33:17-82
83            <meta-data
83-->[com.google.firebase:firebase-installations:17.0.1] AndroidManifest.xml:18:13-20:85
84                android:name="com.google.firebase.components:com.google.firebase.installations.FirebaseInstallationsRegistrar"
84-->[com.google.firebase:firebase-installations:17.0.1] AndroidManifest.xml:19:17-127
85                android:value="com.google.firebase.components.ComponentRegistrar" />
85-->[com.google.firebase:firebase-installations:17.0.1] AndroidManifest.xml:20:17-82
86            <meta-data
86-->[com.google.firebase:firebase-abt:21.0.1] AndroidManifest.xml:13:13-15:85
87                android:name="com.google.firebase.components:com.google.firebase.abt.component.AbtRegistrar"
87-->[com.google.firebase:firebase-abt:21.0.1] AndroidManifest.xml:14:17-109
88                android:value="com.google.firebase.components.ComponentRegistrar" />
88-->[com.google.firebase:firebase-abt:21.0.1] AndroidManifest.xml:15:17-82
89        </service>
90
91        <activity
91-->[com.google.firebase:firebase-auth:21.0.3] AndroidManifest.xml:27:9-44:20
92            android:name="com.google.firebase.auth.internal.GenericIdpActivity"
92-->[com.google.firebase:firebase-auth:21.0.3] AndroidManifest.xml:28:13-80
93            android:excludeFromRecents="true"
93-->[com.google.firebase:firebase-auth:21.0.3] AndroidManifest.xml:29:13-46
94            android:exported="true"
94-->[com.google.firebase:firebase-auth:21.0.3] AndroidManifest.xml:30:13-36
95            android:launchMode="singleTask"
95-->[com.google.firebase:firebase-auth:21.0.3] AndroidManifest.xml:31:13-44
96            android:theme="@android:style/Theme.Translucent.NoTitleBar" >
96-->[com.google.firebase:firebase-auth:21.0.3] AndroidManifest.xml:32:13-72
97            <intent-filter>
97-->[com.google.firebase:firebase-auth:21.0.3] AndroidManifest.xml:33:13-43:29
98                <action android:name="android.intent.action.VIEW" />
98-->[com.google.firebase:firebase-auth:21.0.3] AndroidManifest.xml:34:17-69
98-->[com.google.firebase:firebase-auth:21.0.3] AndroidManifest.xml:34:25-66
99
100                <category android:name="android.intent.category.DEFAULT" />
100-->[com.google.firebase:firebase-auth:21.0.3] AndroidManifest.xml:36:17-76
100-->[com.google.firebase:firebase-auth:21.0.3] AndroidManifest.xml:36:27-73
101                <category android:name="android.intent.category.BROWSABLE" />
101-->[com.google.firebase:firebase-auth:21.0.3] AndroidManifest.xml:37:17-78
101-->[com.google.firebase:firebase-auth:21.0.3] AndroidManifest.xml:37:27-75
102
103                <data
103-->[com.google.firebase:firebase-auth:21.0.3] AndroidManifest.xml:39:17-42:51
104                    android:host="firebase.auth"
104-->[com.google.firebase:firebase-auth:21.0.3] AndroidManifest.xml:40:21-49
105                    android:path="/"
105-->[com.google.firebase:firebase-auth:21.0.3] AndroidManifest.xml:41:21-37
106                    android:scheme="genericidp" />
106-->[com.google.firebase:firebase-auth:21.0.3] AndroidManifest.xml:42:21-48
107            </intent-filter>
108        </activity>
109        <activity
109-->[com.google.firebase:firebase-auth:21.0.3] AndroidManifest.xml:45:9-62:20
110            android:name="com.google.firebase.auth.internal.RecaptchaActivity"
110-->[com.google.firebase:firebase-auth:21.0.3] AndroidManifest.xml:46:13-79
111            android:excludeFromRecents="true"
111-->[com.google.firebase:firebase-auth:21.0.3] AndroidManifest.xml:47:13-46
112            android:exported="true"
112-->[com.google.firebase:firebase-auth:21.0.3] AndroidManifest.xml:48:13-36
113            android:launchMode="singleTask"
113-->[com.google.firebase:firebase-auth:21.0.3] AndroidManifest.xml:49:13-44
114            android:theme="@android:style/Theme.Translucent.NoTitleBar" >
114-->[com.google.firebase:firebase-auth:21.0.3] AndroidManifest.xml:50:13-72
115            <intent-filter>
115-->[com.google.firebase:firebase-auth:21.0.3] AndroidManifest.xml:51:13-61:29
116                <action android:name="android.intent.action.VIEW" />
116-->[com.google.firebase:firebase-auth:21.0.3] AndroidManifest.xml:34:17-69
116-->[com.google.firebase:firebase-auth:21.0.3] AndroidManifest.xml:34:25-66
117
118                <category android:name="android.intent.category.DEFAULT" />
118-->[com.google.firebase:firebase-auth:21.0.3] AndroidManifest.xml:36:17-76
118-->[com.google.firebase:firebase-auth:21.0.3] AndroidManifest.xml:36:27-73
119                <category android:name="android.intent.category.BROWSABLE" />
119-->[com.google.firebase:firebase-auth:21.0.3] AndroidManifest.xml:37:17-78
119-->[com.google.firebase:firebase-auth:21.0.3] AndroidManifest.xml:37:27-75
120
121                <data
121-->[com.google.firebase:firebase-auth:21.0.3] AndroidManifest.xml:39:17-42:51
122                    android:host="firebase.auth"
122-->[com.google.firebase:firebase-auth:21.0.3] AndroidManifest.xml:40:21-49
123                    android:path="/"
123-->[com.google.firebase:firebase-auth:21.0.3] AndroidManifest.xml:41:21-37
124                    android:scheme="recaptcha" />
124-->[com.google.firebase:firebase-auth:21.0.3] AndroidManifest.xml:42:21-48
125            </intent-filter>
126        </activity>
127        <activity
127-->[com.google.android.gms:play-services-auth:20.1.0] AndroidManifest.xml:23:9-27:75
128            android:name="com.google.android.gms.auth.api.signin.internal.SignInHubActivity"
128-->[com.google.android.gms:play-services-auth:20.1.0] AndroidManifest.xml:24:13-93
129            android:excludeFromRecents="true"
129-->[com.google.android.gms:play-services-auth:20.1.0] AndroidManifest.xml:25:13-46
130            android:exported="false"
130-->[com.google.android.gms:play-services-auth:20.1.0] AndroidManifest.xml:26:13-37
131            android:theme="@android:style/Theme.Translucent.NoTitleBar" />
131-->[com.google.android.gms:play-services-auth:20.1.0] AndroidManifest.xml:27:13-72
132        <!--
133            Service handling Google Sign-In user revocation. For apps that do not integrate with
134            Google Sign-In, this service will never be started.
135        -->
136        <service
136-->[com.google.android.gms:play-services-auth:20.1.0] AndroidManifest.xml:33:9-37:51
137            android:name="com.google.android.gms.auth.api.signin.RevocationBoundService"
137-->[com.google.android.gms:play-services-auth:20.1.0] AndroidManifest.xml:34:13-89
138            android:exported="true"
138-->[com.google.android.gms:play-services-auth:20.1.0] AndroidManifest.xml:35:13-36
139            android:permission="com.google.android.gms.auth.api.signin.permission.REVOCATION_NOTIFICATION"
139-->[com.google.android.gms:play-services-auth:20.1.0] AndroidManifest.xml:36:13-107
140            android:visibleToInstantApps="true" />
140-->[com.google.android.gms:play-services-auth:20.1.0] AndroidManifest.xml:37:13-48
141        <service
141-->[com.google.android.datatransport:transport-backend-cct:3.1.1] AndroidManifest.xml:29:9-35:19
142            android:name="com.google.android.datatransport.runtime.backends.TransportBackendDiscovery"
142-->[com.google.android.datatransport:transport-backend-cct:3.1.1] AndroidManifest.xml:30:13-103
143            android:exported="false" >
143-->[com.google.android.datatransport:transport-backend-cct:3.1.1] AndroidManifest.xml:31:13-37
144            <meta-data
144-->[com.google.android.datatransport:transport-backend-cct:3.1.1] AndroidManifest.xml:32:13-34:39
145                android:name="backend:com.google.android.datatransport.cct.CctBackendFactory"
145-->[com.google.android.datatransport:transport-backend-cct:3.1.1] AndroidManifest.xml:33:17-94
146                android:value="cct" />
146-->[com.google.android.datatransport:transport-backend-cct:3.1.1] AndroidManifest.xml:34:17-36
147        </service>
148        <service
148-->[com.google.android.datatransport:transport-runtime:3.1.1] AndroidManifest.xml:26:9-30:19
149            android:name="com.google.android.datatransport.runtime.scheduling.jobscheduling.JobInfoSchedulerService"
149-->[com.google.android.datatransport:transport-runtime:3.1.1] AndroidManifest.xml:27:13-117
150            android:exported="false"
150-->[com.google.android.datatransport:transport-runtime:3.1.1] AndroidManifest.xml:28:13-37
151            android:permission="android.permission.BIND_JOB_SERVICE" >
151-->[com.google.android.datatransport:transport-runtime:3.1.1] AndroidManifest.xml:29:13-69
152        </service>
153
154        <receiver
154-->[com.google.android.datatransport:transport-runtime:3.1.1] AndroidManifest.xml:32:9-34:40
155            android:name="com.google.android.datatransport.runtime.scheduling.jobscheduling.AlarmManagerSchedulerBroadcastReceiver"
155-->[com.google.android.datatransport:transport-runtime:3.1.1] AndroidManifest.xml:33:13-132
156            android:exported="false" />
156-->[com.google.android.datatransport:transport-runtime:3.1.1] AndroidManifest.xml:34:13-37
157
158        <provider
158-->[com.google.firebase:firebase-common:20.1.0] AndroidManifest.xml:26:9-31:39
159            android:name="com.google.firebase.provider.FirebaseInitProvider"
159-->[com.google.firebase:firebase-common:20.1.0] AndroidManifest.xml:27:13-77
160            android:authorities="com.example.myapp.firebaseinitprovider"
160-->[com.google.firebase:firebase-common:20.1.0] AndroidManifest.xml:28:13-72
161            android:directBootAware="true"
161-->[com.google.firebase:firebase-common:20.1.0] AndroidManifest.xml:29:13-43
162            android:exported="false"
162-->[com.google.firebase:firebase-common:20.1.0] AndroidManifest.xml:30:13-37
163            android:initOrder="100" />
163-->[com.google.firebase:firebase-common:20.1.0] AndroidManifest.xml:31:13-36
164
165        <receiver
165-->[com.google.android.gms:play-services-measurement:20.1.2] AndroidManifest.xml:29:9-33:20
166            android:name="com.google.android.gms.measurement.AppMeasurementReceiver"
166-->[com.google.android.gms:play-services-measurement:20.1.2] AndroidManifest.xml:30:13-85
167            android:enabled="true"
167-->[com.google.android.gms:play-services-measurement:20.1.2] AndroidManifest.xml:31:13-35
168            android:exported="false" >
168-->[com.google.android.gms:play-services-measurement:20.1.2] AndroidManifest.xml:32:13-37
169        </receiver>
170
171        <service
171-->[com.google.android.gms:play-services-measurement:20.1.2] AndroidManifest.xml:35:9-38:40
172            android:name="com.google.android.gms.measurement.AppMeasurementService"
172-->[com.google.android.gms:play-services-measurement:20.1.2] AndroidManifest.xml:36:13-84
173            android:enabled="true"
173-->[com.google.android.gms:play-services-measurement:20.1.2] AndroidManifest.xml:37:13-35
174            android:exported="false" />
174-->[com.google.android.gms:play-services-measurement:20.1.2] AndroidManifest.xml:38:13-37
175        <service
175-->[com.google.android.gms:play-services-measurement:20.1.2] AndroidManifest.xml:39:9-43:72
176            android:name="com.google.android.gms.measurement.AppMeasurementJobService"
176-->[com.google.android.gms:play-services-measurement:20.1.2] AndroidManifest.xml:40:13-87
177            android:enabled="true"
177-->[com.google.android.gms:play-services-measurement:20.1.2] AndroidManifest.xml:41:13-35
178            android:exported="false"
178-->[com.google.android.gms:play-services-measurement:20.1.2] AndroidManifest.xml:42:13-37
179            android:permission="android.permission.BIND_JOB_SERVICE" />
179-->[com.google.android.gms:play-services-measurement:20.1.2] AndroidManifest.xml:43:13-69
180
181        <activity
181-->[com.google.android.gms:play-services-base:18.0.1] AndroidManifest.xml:20:9-22:45
182            android:name="com.google.android.gms.common.api.GoogleApiActivity"
182-->[com.google.android.gms:play-services-base:18.0.1] AndroidManifest.xml:20:19-85
183            android:exported="false"
183-->[com.google.android.gms:play-services-base:18.0.1] AndroidManifest.xml:22:19-43
184            android:theme="@android:style/Theme.Translucent.NoTitleBar" />
184-->[com.google.android.gms:play-services-base:18.0.1] AndroidManifest.xml:21:19-78
185
186        <meta-data
186-->[com.google.android.gms:play-services-basement:18.0.0] AndroidManifest.xml:21:9-23:69
187            android:name="com.google.android.gms.version"
187-->[com.google.android.gms:play-services-basement:18.0.0] AndroidManifest.xml:22:13-58
188            android:value="@integer/google_play_services_version" />
188-->[com.google.android.gms:play-services-basement:18.0.0] AndroidManifest.xml:23:13-66
189
190        <provider
190-->[androidx.emoji2:emoji2:1.0.0] AndroidManifest.xml:26:9-34:20
191            android:name="androidx.startup.InitializationProvider"
191-->[androidx.emoji2:emoji2:1.0.0] AndroidManifest.xml:27:13-67
192            android:authorities="com.example.myapp.androidx-startup"
192-->[androidx.emoji2:emoji2:1.0.0] AndroidManifest.xml:28:13-68
193            android:exported="false" >
193-->[androidx.emoji2:emoji2:1.0.0] AndroidManifest.xml:29:13-37
194            <meta-data
194-->[androidx.emoji2:emoji2:1.0.0] AndroidManifest.xml:31:13-33:52
195                android:name="androidx.emoji2.text.EmojiCompatInitializer"
195-->[androidx.emoji2:emoji2:1.0.0] AndroidManifest.xml:32:17-75
196                android:value="androidx.startup" />
196-->[androidx.emoji2:emoji2:1.0.0] AndroidManifest.xml:33:17-49
197            <meta-data
197-->[androidx.lifecycle:lifecycle-process:2.4.0] AndroidManifest.xml:31:13-33:52
198                android:name="androidx.lifecycle.ProcessLifecycleInitializer"
198-->[androidx.lifecycle:lifecycle-process:2.4.0] AndroidManifest.xml:32:17-78
199                android:value="androidx.startup" />
199-->[androidx.lifecycle:lifecycle-process:2.4.0] AndroidManifest.xml:33:17-49
200        </provider>
201    </application>
202
203</manifest>